[DEBUG] 2024-07-23 09:51:46,653 ResolutionCache.checkKeyInResolutionCache() - Resolution chrome=126 in cache (valid until 10:51:29 23/07/2024 IST)
[DEBUG] 2024-07-23 09:51:46,660 ResolutionCache.checkKeyInResolutionCache() - Resolution chrome126=126.0.6478.182 in cache (valid until 09:51:29 24/07/2024 IST)
[INFO ] 2024-07-23 09:51:46,660 WebDriverManager.resolveDriverVersion() - Using chromedriver 126.0.6478.182 (resolved driver for Chrome 126)
[DEBUG] 2024-07-23 09:51:46,682 WebDriverManager.manage() - Driver chromedriver 126.0.6478.182 found in cache
[INFO ] 2024-07-23 09:51:46,683 WebDriverManager.exportDriver() - Exporting webdriver.chrome.driver as C:\Users\sandesh.bhutada\.cache\selenium\chromedriver\win64\126.0.6478.182\chromedriver.exe
[DEBUG] 2024-07-23 09:51:46,788 InternalLoggerFactory.useSlf4JLoggerFactory() - Using SLF4J as the default logging framework
[DEBUG] 2024-07-23 09:51:46,792 ResourceLeakDetector.<clinit>() - -Dio.netty.leakDetection.level: simple
[DEBUG] 2024-07-23 09:51:46,792 ResourceLeakDetector.<clinit>() - -Dio.netty.leakDetection.targetRecords: 4
[DEBUG] 2024-07-23 09:51:46,795 ResourceLeakDetectorFactory.newResourceLeakDetector() - Loaded default ResourceLeakDetector: io.netty.util.ResourceLeakDetector@5eeedb60
[DEBUG] 2024-07-23 09:51:46,808 PlatformDependent0.explicitNoUnsafeCause0() - -Dio.netty.noUnsafe: false
[DEBUG] 2024-07-23 09:51:46,808 PlatformDependent0.javaVersion0() - Java version: 17
[DEBUG] 2024-07-23 09:51:46,809 PlatformDependent0.<clinit>() - sun.misc.Unsafe.theUnsafe: available
[DEBUG] 2024-07-23 09:51:46,810 PlatformDependent0.<clinit>() - sun.misc.Unsafe.copyMemory: available
[DEBUG] 2024-07-23 09:51:46,810 PlatformDependent0.<clinit>() - sun.misc.Unsafe.storeFence: available
[DEBUG] 2024-07-23 09:51:46,810 PlatformDependent0.<clinit>() - java.nio.Buffer.address: available
[DEBUG] 2024-07-23 09:51:46,811 PlatformDependent0.<clinit>() - direct buffer constructor: unavailable: Reflective setAccessible(true) disabled
[DEBUG] 2024-07-23 09:51:46,811 PlatformDependent0.<clinit>() - java.nio.Bits.unaligned: available, true
[DEBUG] 2024-07-23 09:51:46,812 PlatformDependent0.<clinit>() - jdk.internal.misc.Unsafe.allocateUninitializedArray(int): unavailable: class io.netty.util.internal.PlatformDependent0$7 cannot access class jdk.internal.misc.Unsafe (in module java.base) because module java.base does not export jdk.internal.misc to unnamed module @156b88f5
[DEBUG] 2024-07-23 09:51:46,813 PlatformDependent0.<clinit>() - java.nio.DirectByteBuffer.<init>(long, int): unavailable
[DEBUG] 2024-07-23 09:51:46,813 PlatformDependent.unsafeUnavailabilityCause0() - sun.misc.Unsafe: available
[DEBUG] 2024-07-23 09:51:46,814 PlatformDependent.estimateMaxDirectMemory() - maxDirectMemory: 8518631424 bytes (maybe)
[DEBUG] 2024-07-23 09:51:46,814 PlatformDependent.tmpdir0() - -Dio.netty.tmpdir: C:\Users\SANDES~1.BHU\AppData\Local\Temp (java.io.tmpdir)
[DEBUG] 2024-07-23 09:51:46,814 PlatformDependent.bitMode0() - -Dio.netty.bitMode: 64 (sun.arch.data.model)
[DEBUG] 2024-07-23 09:51:46,814 PlatformDependent.isWindows0() - Platform: Windows
[DEBUG] 2024-07-23 09:51:46,815 PlatformDependent.<clinit>() - -Dio.netty.maxDirectMemory: -1 bytes
[DEBUG] 2024-07-23 09:51:46,815 PlatformDependent.<clinit>() - -Dio.netty.uninitializedArrayAllocationThreshold: -1
[DEBUG] 2024-07-23 09:51:46,816 CleanerJava9.<clinit>() - java.nio.ByteBuffer.cleaner(): available
[DEBUG] 2024-07-23 09:51:46,816 PlatformDependent.<clinit>() - -Dio.netty.noPreferDirect: false
[DEBUG] 2024-07-23 09:51:46,822 PlatformDependent.<clinit>() - org.jctools-core.MpscChunkedArrayQueue: available
[DEBUG] 2024-07-23 09:51:46,836 InternalThreadLocalMap.<clinit>() - -Dio.netty.threadLocalMap.stringBuilder.initialSize: 1024
[DEBUG] 2024-07-23 09:51:46,836 InternalThreadLocalMap.<clinit>() - -Dio.netty.threadLocalMap.stringBuilder.maxSize: 4096
[DEBUG] 2024-07-23 09:51:46,888 JdkSslContext.<clinit>() - Default protocols (JDK): [TLSv1.3, TLSv1.2] 
[DEBUG] 2024-07-23 09:51:46,888 JdkSslContext.<clinit>() - Default cipher suites (JDK): [TLS_ECDHE_ECDSA_WITH_AES_256_GCM_SHA384, TLS_ECDHE_ECDSA_WITH_AES_128_GCM_SHA256, TLS_ECDHE_RSA_WITH_AES_128_GCM_SHA256, TLS_ECDHE_RSA_WITH_AES_256_GCM_SHA384, TLS_ECDHE_RSA_WITH_AES_128_CBC_SHA, TLS_ECDHE_RSA_WITH_AES_256_CBC_SHA, TLS_RSA_WITH_AES_128_GCM_SHA256, TLS_RSA_WITH_AES_128_CBC_SHA, TLS_RSA_WITH_AES_256_CBC_SHA, TLS_AES_128_GCM_SHA256, TLS_AES_256_GCM_SHA384]
[DEBUG] 2024-07-23 09:51:46,897 GlobalEventExecutor.<clinit>() - -Dio.netty.globalEventExecutor.quietPeriodSeconds: 1
[DEBUG] 2024-07-23 09:51:46,905 MultithreadEventLoopGroup.<clinit>() - -Dio.netty.eventLoopThreads: 32
[DEBUG] 2024-07-23 09:51:46,910 NioEventLoop.<clinit>() - -Dio.netty.noKeySetOptimization: false
[DEBUG] 2024-07-23 09:51:46,911 NioEventLoop.<clinit>() - -Dio.netty.selectorAutoRebuildThreshold: 512
[DEBUG] 2024-07-23 09:51:46,986 PooledByteBufAllocator.<clinit>() - -Dio.netty.allocator.numHeapArenas: 32
[DEBUG] 2024-07-23 09:51:46,986 PooledByteBufAllocator.<clinit>() - -Dio.netty.allocator.numDirectArenas: 32
[DEBUG] 2024-07-23 09:51:46,986 PooledByteBufAllocator.<clinit>() - -Dio.netty.allocator.pageSize: 8192
[DEBUG] 2024-07-23 09:51:46,986 PooledByteBufAllocator.<clinit>() - -Dio.netty.allocator.maxOrder: 9
[DEBUG] 2024-07-23 09:51:46,986 PooledByteBufAllocator.<clinit>() - -Dio.netty.allocator.chunkSize: 4194304
[DEBUG] 2024-07-23 09:51:46,986 PooledByteBufAllocator.<clinit>() - -Dio.netty.allocator.smallCacheSize: 256
[DEBUG] 2024-07-23 09:51:46,986 PooledByteBufAllocator.<clinit>() - -Dio.netty.allocator.normalCacheSize: 64
[DEBUG] 2024-07-23 09:51:46,987 PooledByteBufAllocator.<clinit>() - -Dio.netty.allocator.maxCachedBufferCapacity: 32768
[DEBUG] 2024-07-23 09:51:46,987 PooledByteBufAllocator.<clinit>() - -Dio.netty.allocator.cacheTrimInterval: 8192
[DEBUG] 2024-07-23 09:51:46,987 PooledByteBufAllocator.<clinit>() - -Dio.netty.allocator.cacheTrimIntervalMillis: 0
[DEBUG] 2024-07-23 09:51:46,987 PooledByteBufAllocator.<clinit>() - -Dio.netty.allocator.useCacheForAllThreads: false
[DEBUG] 2024-07-23 09:51:46,987 PooledByteBufAllocator.<clinit>() - -Dio.netty.allocator.maxCachedByteBuffersPerChunk: 1023
[DEBUG] 2024-07-23 09:51:46,995 ByteBufUtil.<clinit>() - -Dio.netty.allocator.type: pooled
[DEBUG] 2024-07-23 09:51:46,995 ByteBufUtil.<clinit>() - -Dio.netty.threadLocalDirectBufferSize: 0
[DEBUG] 2024-07-23 09:51:46,995 ByteBufUtil.<clinit>() - -Dio.netty.maxThreadLocalCharBufferSize: 16384
[DEBUG] 2024-07-23 09:51:47,197 DefaultChannelId.<clinit>() - -Dio.netty.processId: 9460 (auto-detected)
[DEBUG] 2024-07-23 09:51:47,198 NetUtil.<clinit>() - -Djava.net.preferIPv4Stack: false
[DEBUG] 2024-07-23 09:51:47,198 NetUtil.<clinit>() - -Djava.net.preferIPv6Addresses: false
[DEBUG] 2024-07-23 09:51:47,204 NetUtilInitializations.determineLoopback() - Loopback interface: lo (Software Loopback Interface 1, 127.0.0.1)
[DEBUG] 2024-07-23 09:51:47,204 NetUtil.run() - Failed to get SOMAXCONN from sysctl and file \proc\sys\net\core\somaxconn. Default: 200
[DEBUG] 2024-07-23 09:51:47,217 DefaultChannelId.<clinit>() - -Dio.netty.machineId: 7c:70:db:ff:fe:33:91:d6 (auto-detected)
[DEBUG] 2024-07-23 09:51:47,244 AbstractByteBuf.<clinit>() - -Dio.netty.buffer.checkAccessible: true
[DEBUG] 2024-07-23 09:51:47,244 AbstractByteBuf.<clinit>() - -Dio.netty.buffer.checkBounds: true
[DEBUG] 2024-07-23 09:51:47,244 ResourceLeakDetectorFactory.newResourceLeakDetector() - Loaded default ResourceLeakDetector: io.netty.util.ResourceLeakDetector@3b07001b
[DEBUG] 2024-07-23 09:51:47,256 NettyConnectListener.writeRequest() - Using new Channel '[id: 0xf651bbb1, L:/127.0.0.1:58853 - R:localhost/127.0.0.1:43401]' for 'POST' to '/session'
[DEBUG] 2024-07-23 09:51:47,265 Recycler.<clinit>() - -Dio.netty.recycler.maxCapacityPerThread: 4096
[DEBUG] 2024-07-23 09:51:47,265 Recycler.<clinit>() - -Dio.netty.recycler.ratio: 8
[DEBUG] 2024-07-23 09:51:47,265 Recycler.<clinit>() - -Dio.netty.recycler.chunkSize: 32
[DEBUG] 2024-07-23 09:51:47,265 Recycler.<clinit>() - -Dio.netty.recycler.blocking: false
[DEBUG] 2024-07-23 09:51:47,266 Recycler.<clinit>() - -Dio.netty.recycler.batchFastThreadLocalOnly: true
[DEBUG] 2024-07-23 09:51:47,884 Brotli.<clinit>() - brotli4j not in the classpath; Brotli support will be unavailable.
[DEBUG] 2024-07-23 09:51:47,885 HttpHandler.handleHttpResponse() - 

Request DefaultHttpRequest(decodeResult: success, version: HTTP/1.1)
POST /session HTTP/1.1
User-Agent: selenium/4.11.0 (java windows)
Content-Length: 254
Content-Type: application/json; charset=utf-8
host: localhost:43401
accept: */*

Response DefaultHttpResponse(decodeResult: success, version: HTTP/1.1)
HTTP/1.1 200 OK
Content-Length: 890
Content-Type: application/json; charset=utf-8
cache-control: no-cache

[DEBUG] 2024-07-23 09:51:47,890 ChannelManager.tryToOfferChannelToPool() - Adding key: http://localhost:43401 for channel [id: 0xf651bbb1, L:/127.0.0.1:58853 - R:localhost/127.0.0.1:43401]
[DEBUG] 2024-07-23 09:51:47,929 DefaultChannelPool.run() - Entry count for : http://localhost:43401 : 1
[DEBUG] 2024-07-23 09:51:47,937 NettyConnectListener.writeRequest() - Using new Channel '[id: 0x3b2ad6a1, L:/127.0.0.1:58860 - R:localhost/127.0.0.1:58854]' for 'GET' to '/json/version'
[DEBUG] 2024-07-23 09:51:47,939 HttpHandler.handleHttpResponse() - 

Request DefaultFullHttpRequest(decodeResult: success, version: HTTP/1.1, content: EmptyByteBufBE)
GET /json/version HTTP/1.1
User-Agent: selenium/4.11.0 (java windows)
host: localhost:58854
accept: */*

Response DefaultHttpResponse(decodeResult: success, version: HTTP/1.1)
HTTP/1.1 200 OK
Content-Security-Policy: frame-ancestors 'none'
Content-Length: 424
Content-Type: application/json; charset=UTF-8

[DEBUG] 2024-07-23 09:51:47,940 ChannelManager.tryToOfferChannelToPool() - Adding key: http://localhost:58854 for channel [id: 0x3b2ad6a1, L:/127.0.0.1:58860 - R:localhost/127.0.0.1:58854]
[DEBUG] 2024-07-23 09:51:47,946 ThreadLocalRandom.newSeed() - -Dio.netty.initialSeedUniquifier: 0xd9233cc0baef6935
[DEBUG] 2024-07-23 09:51:47,948 NettyConnectListener.writeRequest() - Using new Channel '[id: 0x55171a5a, L:/127.0.0.1:58861 - R:localhost/127.0.0.1:58854]' for 'GET' to '/devtools/browser/98098bc2-13c0-4e4b-bfdc-bed6878cdc8b'
[DEBUG] 2024-07-23 09:51:47,950 WebSocketHandler.handleRead() - 

Request DefaultFullHttpRequest(decodeResult: success, version: HTTP/1.1, content: EmptyByteBufBE)
GET /devtools/browser/98098bc2-13c0-4e4b-bfdc-bed6878cdc8b HTTP/1.1
upgrade: websocket
connection: upgrade
sec-websocket-key: pb8xZ2KEo/d13+IBQeJvRA==
sec-websocket-version: 13
origin: http://localhost:58854
host: localhost:58854
accept: */*
user-agent: AHC/2.1

Response DefaultHttpResponse(decodeResult: success, version: HTTP/1.1)
HTTP/1.1 101 WebSocket Protocol Handshake
Upgrade: WebSocket
Connection: Upgrade
Sec-WebSocket-Accept: vny3inpXphXWj1cBp61bVa5/2To=

[DEBUG] 2024-07-23 09:51:47,975 NettyRequestSender.pollPooledChannel() - Using pooled Channel '[id: 0xf651bbb1, L:/127.0.0.1:58853 - R:localhost/127.0.0.1:43401]' for 'POST' to 'http://localhost:43401/session/4814477fbea728336a912cb6c8886cd6/url'
[DEBUG] 2024-07-23 09:51:47,975 NettyRequestSender.sendRequestWithOpenChannel() - Using open Channel [id: 0xf651bbb1, L:/127.0.0.1:58853 - R:localhost/127.0.0.1:43401] for POST '/session/4814477fbea728336a912cb6c8886cd6/url'
[DEBUG] 2024-07-23 09:51:49,028 DefaultChannelPool.run() - Entry count for : http://localhost:58854 : 1
[DEBUG] 2024-07-23 09:51:49,355 HttpHandler.handleHttpResponse() - 

Request DefaultHttpRequest(decodeResult: success, version: HTTP/1.1)
POST /session/4814477fbea728336a912cb6c8886cd6/url HTTP/1.1
User-Agent: selenium/4.11.0 (java windows)
Content-Length: 47
Content-Type: application/json; charset=utf-8
host: localhost:43401
accept: */*

Response DefaultHttpResponse(decodeResult: success, version: HTTP/1.1)
HTTP/1.1 200 OK
Content-Length: 14
Content-Type: application/json; charset=utf-8
cache-control: no-cache

[DEBUG] 2024-07-23 09:51:49,355 ChannelManager.tryToOfferChannelToPool() - Adding key: http://localhost:43401 for channel [id: 0xf651bbb1, L:/127.0.0.1:58853 - R:localhost/127.0.0.1:43401]
