[DEBUG] 2024-06-19 22:27:00,672 TestNG.debug() - suiteXmlPath: "C:\Users\SANDES~1.BHU\AppData\Local\Temp\testng-eclipse--1529912618\testng-customsuite.xml"
[INFO ] 2024-06-19 22:27:00,820 Utils.info() - [Utils] MethodGroupsHelper.collectMethodsByGroup() took 0 ms.
[INFO ] 2024-06-19 22:27:00,822 Utils.info() - [Utils] MethodGroupsHelper.sortMethods() took 0 ms.
[INFO ] 2024-06-19 22:27:00,823 Utils.info() - [Utils] MethodGroupsHelper.collectMethodsByGroup() took 0 ms.
[INFO ] 2024-06-19 22:27:00,824 Utils.info() - [Utils] MethodGroupsHelper.sortMethods() took 0 ms.
[INFO ] 2024-06-19 22:27:00,824 Utils.info() - [Utils] MethodGroupsHelper.collectMethodsByGroup() took 0 ms.
[INFO ] 2024-06-19 22:27:00,824 Utils.info() - [Utils] MethodGroupsHelper.sortMethods() took 0 ms.
[INFO ] 2024-06-19 22:27:00,833 Utils.info() - [Utils] MethodGroupsHelper.collectMethodsByGroup() took 0 ms.
[INFO ] 2024-06-19 22:27:00,833 Utils.info() - [Utils] MethodGroupsHelper.sortMethods() took 0 ms.
[INFO ] 2024-06-19 22:27:00,833 Utils.info() - [Utils] MethodGroupsHelper.collectMethodsByGroup() took 0 ms.
[INFO ] 2024-06-19 22:27:00,834 Utils.info() - [Utils] MethodGroupsHelper.sortMethods() took 0 ms.
[INFO ] 2024-06-19 22:27:00,834 Utils.info() - [Utils] MethodGroupsHelper.collectMethodsByGroup() took 0 ms.
[INFO ] 2024-06-19 22:27:00,834 Utils.info() - [Utils] MethodGroupsHelper.sortMethods() took 0 ms.
[INFO ] 2024-06-19 22:27:00,834 Utils.info() - [Utils] MethodGroupsHelper.collectMethodsByGroup() took 0 ms.
[INFO ] 2024-06-19 22:27:00,835 Utils.info() - [Utils] MethodGroupsHelper.sortMethods() took 0 ms.
[INFO ] 2024-06-19 22:27:00,835 Utils.info() - [Utils] MethodGroupsHelper.collectMethodsByGroup() took 0 ms.
[INFO ] 2024-06-19 22:27:00,835 Utils.info() - [Utils] MethodGroupsHelper.sortMethods() took 0 ms.
[INFO ] 2024-06-19 22:27:00,840 Utils.info() - [Utils] MethodGroupsHelper.collectMethodsByGroup() took 1 ms.
[INFO ] 2024-06-19 22:27:00,845 Utils.info() - [Utils] MethodGroupsHelper.sortMethods() took 4 ms.
[INFO ] 2024-06-19 22:27:00,845 Utils.info() - [Utils] MethodGroupsHelper.collectMethodsByGroup() took 0 ms.
[INFO ] 2024-06-19 22:27:00,846 Utils.info() - [Utils] MethodGroupsHelper.sortMethods() took 0 ms.
[INFO ] 2024-06-19 22:27:00,846 Utils.info() - [Utils] MethodGroupsHelper.collectMethodsByGroup() took 0 ms.
[INFO ] 2024-06-19 22:27:00,846 Utils.info() - [Utils] MethodGroupsHelper.sortMethods() took 0 ms.
[INFO ] 2024-06-19 22:27:00,846 Utils.info() - [Utils] MethodGroupsHelper.collectMethodsByGroup() took 0 ms.
[INFO ] 2024-06-19 22:27:00,847 Utils.info() - [Utils] MethodGroupsHelper.sortMethods() took 0 ms.
[INFO ] 2024-06-19 22:27:00,848 Utils.info() - [Utils] MethodGroupsHelper.collectMethodsByGroup() took 0 ms.
[INFO ] 2024-06-19 22:27:00,848 Utils.info() - [Utils] MethodGroupsHelper.sortMethods() took 0 ms.
[INFO ] 2024-06-19 22:27:00,848 Utils.info() - [Utils] MethodGroupsHelper.collectMethodsByGroup() took 0 ms.
[INFO ] 2024-06-19 22:27:00,849 Utils.info() - [Utils] MethodGroupsHelper.sortMethods() took 0 ms.
[INFO ] 2024-06-19 22:27:00,849 Utils.info() - [Utils] MethodGroupsHelper.collectMethodsByGroup() took 0 ms.
[INFO ] 2024-06-19 22:27:00,849 Utils.info() - [Utils] MethodGroupsHelper.sortMethods() took 0 ms.
[INFO ] 2024-06-19 22:27:00,853 Utils.info() - [TestNG] Running:
  C:\Users\sandesh.bhutada\AppData\Local\Temp\testng-eclipse--1529912618\testng-customsuite.xml

[INFO ] 2024-06-19 22:27:00,863 Utils.info() - [Utils] DynamicGraphHelper.createDynamicGraph() took 3 ms.
[DEBUG] 2024-06-19 22:27:01,429 InternalLoggerFactory.useSlf4JLoggerFactory() - Using SLF4J as the default logging framework
[DEBUG] 2024-06-19 22:27:01,432 ResourceLeakDetector.<clinit>() - -Dio.netty.leakDetection.level: simple
[DEBUG] 2024-06-19 22:27:01,433 ResourceLeakDetector.<clinit>() - -Dio.netty.leakDetection.targetRecords: 4
[DEBUG] 2024-06-19 22:27:01,436 ResourceLeakDetectorFactory.newResourceLeakDetector() - Loaded default ResourceLeakDetector: io.netty.util.ResourceLeakDetector@c446b14
[DEBUG] 2024-06-19 22:27:01,448 PlatformDependent0.explicitNoUnsafeCause0() - -Dio.netty.noUnsafe: false
[DEBUG] 2024-06-19 22:27:01,448 PlatformDependent0.javaVersion0() - Java version: 17
[DEBUG] 2024-06-19 22:27:01,449 PlatformDependent0.<clinit>() - sun.misc.Unsafe.theUnsafe: available
[DEBUG] 2024-06-19 22:27:01,449 PlatformDependent0.<clinit>() - sun.misc.Unsafe.copyMemory: available
[DEBUG] 2024-06-19 22:27:01,450 PlatformDependent0.<clinit>() - sun.misc.Unsafe.storeFence: available
[DEBUG] 2024-06-19 22:27:01,451 PlatformDependent0.<clinit>() - java.nio.Buffer.address: available
[DEBUG] 2024-06-19 22:27:01,451 PlatformDependent0.<clinit>() - direct buffer constructor: unavailable: Reflective setAccessible(true) disabled
[DEBUG] 2024-06-19 22:27:01,452 PlatformDependent0.<clinit>() - java.nio.Bits.unaligned: available, true
[DEBUG] 2024-06-19 22:27:01,453 PlatformDependent0.<clinit>() - jdk.internal.misc.Unsafe.allocateUninitializedArray(int): unavailable: class io.netty.util.internal.PlatformDependent0$7 cannot access class jdk.internal.misc.Unsafe (in module java.base) because module java.base does not export jdk.internal.misc to unnamed module @13a57a3b
[DEBUG] 2024-06-19 22:27:01,454 PlatformDependent0.<clinit>() - java.nio.DirectByteBuffer.<init>(long, int): unavailable
[DEBUG] 2024-06-19 22:27:01,454 PlatformDependent.unsafeUnavailabilityCause0() - sun.misc.Unsafe: available
[DEBUG] 2024-06-19 22:27:01,454 PlatformDependent.estimateMaxDirectMemory() - maxDirectMemory: 8518631424 bytes (maybe)
[DEBUG] 2024-06-19 22:27:01,455 PlatformDependent.tmpdir0() - -Dio.netty.tmpdir: C:\Users\SANDES~1.BHU\AppData\Local\Temp (java.io.tmpdir)
[DEBUG] 2024-06-19 22:27:01,455 PlatformDependent.bitMode0() - -Dio.netty.bitMode: 64 (sun.arch.data.model)
[DEBUG] 2024-06-19 22:27:01,455 PlatformDependent.isWindows0() - Platform: Windows
[DEBUG] 2024-06-19 22:27:01,456 PlatformDependent.<clinit>() - -Dio.netty.maxDirectMemory: -1 bytes
[DEBUG] 2024-06-19 22:27:01,456 PlatformDependent.<clinit>() - -Dio.netty.uninitializedArrayAllocationThreshold: -1
[DEBUG] 2024-06-19 22:27:01,457 CleanerJava9.<clinit>() - java.nio.ByteBuffer.cleaner(): available
[DEBUG] 2024-06-19 22:27:01,457 PlatformDependent.<clinit>() - -Dio.netty.noPreferDirect: false
[DEBUG] 2024-06-19 22:27:01,461 PlatformDependent.<clinit>() - org.jctools-core.MpscChunkedArrayQueue: available
[DEBUG] 2024-06-19 22:27:01,473 InternalThreadLocalMap.<clinit>() - -Dio.netty.threadLocalMap.stringBuilder.initialSize: 1024
[DEBUG] 2024-06-19 22:27:01,474 InternalThreadLocalMap.<clinit>() - -Dio.netty.threadLocalMap.stringBuilder.maxSize: 4096
[DEBUG] 2024-06-19 22:27:01,572 JdkSslContext.<clinit>() - Default protocols (JDK): [TLSv1.3, TLSv1.2] 
[DEBUG] 2024-06-19 22:27:01,572 JdkSslContext.<clinit>() - Default cipher suites (JDK): [TLS_ECDHE_ECDSA_WITH_AES_256_GCM_SHA384, TLS_ECDHE_ECDSA_WITH_AES_128_GCM_SHA256, TLS_ECDHE_RSA_WITH_AES_128_GCM_SHA256, TLS_ECDHE_RSA_WITH_AES_256_GCM_SHA384, TLS_ECDHE_RSA_WITH_AES_128_CBC_SHA, TLS_ECDHE_RSA_WITH_AES_256_CBC_SHA, TLS_RSA_WITH_AES_128_GCM_SHA256, TLS_RSA_WITH_AES_128_CBC_SHA, TLS_RSA_WITH_AES_256_CBC_SHA, TLS_AES_128_GCM_SHA256, TLS_AES_256_GCM_SHA384]
[DEBUG] 2024-06-19 22:27:01,580 GlobalEventExecutor.<clinit>() - -Dio.netty.globalEventExecutor.quietPeriodSeconds: 1
[DEBUG] 2024-06-19 22:27:01,587 MultithreadEventLoopGroup.<clinit>() - -Dio.netty.eventLoopThreads: 32
[DEBUG] 2024-06-19 22:27:01,592 NioEventLoop.<clinit>() - -Dio.netty.noKeySetOptimization: false
[DEBUG] 2024-06-19 22:27:01,592 NioEventLoop.<clinit>() - -Dio.netty.selectorAutoRebuildThreshold: 512
[DEBUG] 2024-06-19 22:27:01,656 PooledByteBufAllocator.<clinit>() - -Dio.netty.allocator.numHeapArenas: 32
[DEBUG] 2024-06-19 22:27:01,656 PooledByteBufAllocator.<clinit>() - -Dio.netty.allocator.numDirectArenas: 32
[DEBUG] 2024-06-19 22:27:01,656 PooledByteBufAllocator.<clinit>() - -Dio.netty.allocator.pageSize: 8192
[DEBUG] 2024-06-19 22:27:01,656 PooledByteBufAllocator.<clinit>() - -Dio.netty.allocator.maxOrder: 9
[DEBUG] 2024-06-19 22:27:01,656 PooledByteBufAllocator.<clinit>() - -Dio.netty.allocator.chunkSize: 4194304
[DEBUG] 2024-06-19 22:27:01,657 PooledByteBufAllocator.<clinit>() - -Dio.netty.allocator.smallCacheSize: 256
[DEBUG] 2024-06-19 22:27:01,657 PooledByteBufAllocator.<clinit>() - -Dio.netty.allocator.normalCacheSize: 64
[DEBUG] 2024-06-19 22:27:01,657 PooledByteBufAllocator.<clinit>() - -Dio.netty.allocator.maxCachedBufferCapacity: 32768
[DEBUG] 2024-06-19 22:27:01,657 PooledByteBufAllocator.<clinit>() - -Dio.netty.allocator.cacheTrimInterval: 8192
[DEBUG] 2024-06-19 22:27:01,657 PooledByteBufAllocator.<clinit>() - -Dio.netty.allocator.cacheTrimIntervalMillis: 0
[DEBUG] 2024-06-19 22:27:01,657 PooledByteBufAllocator.<clinit>() - -Dio.netty.allocator.useCacheForAllThreads: false
[DEBUG] 2024-06-19 22:27:01,657 PooledByteBufAllocator.<clinit>() - -Dio.netty.allocator.maxCachedByteBuffersPerChunk: 1023
[DEBUG] 2024-06-19 22:27:01,665 ByteBufUtil.<clinit>() - -Dio.netty.allocator.type: pooled
[DEBUG] 2024-06-19 22:27:01,666 ByteBufUtil.<clinit>() - -Dio.netty.threadLocalDirectBufferSize: 0
[DEBUG] 2024-06-19 22:27:01,666 ByteBufUtil.<clinit>() - -Dio.netty.maxThreadLocalCharBufferSize: 16384
[DEBUG] 2024-06-19 22:27:01,836 DefaultChannelId.<clinit>() - -Dio.netty.processId: 16260 (auto-detected)
[DEBUG] 2024-06-19 22:27:01,837 NetUtil.<clinit>() - -Djava.net.preferIPv4Stack: false
[DEBUG] 2024-06-19 22:27:01,837 NetUtil.<clinit>() - -Djava.net.preferIPv6Addresses: false
[DEBUG] 2024-06-19 22:27:01,844 NetUtilInitializations.determineLoopback() - Loopback interface: lo (Software Loopback Interface 1, 127.0.0.1)
[DEBUG] 2024-06-19 22:27:01,844 NetUtil.run() - Failed to get SOMAXCONN from sysctl and file \proc\sys\net\core\somaxconn. Default: 200
[DEBUG] 2024-06-19 22:27:01,856 DefaultChannelId.<clinit>() - -Dio.netty.machineId: 7c:70:db:ff:fe:33:91:d6 (auto-detected)
[DEBUG] 2024-06-19 22:27:01,881 AbstractByteBuf.<clinit>() - -Dio.netty.buffer.checkAccessible: true
[DEBUG] 2024-06-19 22:27:01,881 AbstractByteBuf.<clinit>() - -Dio.netty.buffer.checkBounds: true
[DEBUG] 2024-06-19 22:27:01,881 ResourceLeakDetectorFactory.newResourceLeakDetector() - Loaded default ResourceLeakDetector: io.netty.util.ResourceLeakDetector@7f44cdf2
[DEBUG] 2024-06-19 22:27:01,891 NettyConnectListener.writeRequest() - Using new Channel '[id: 0xb36c4e33, L:/127.0.0.1:53384 - R:localhost/127.0.0.1:1594]' for 'POST' to '/session'
[DEBUG] 2024-06-19 22:27:01,900 Recycler.<clinit>() - -Dio.netty.recycler.maxCapacityPerThread: 4096
[DEBUG] 2024-06-19 22:27:01,900 Recycler.<clinit>() - -Dio.netty.recycler.ratio: 8
[DEBUG] 2024-06-19 22:27:01,900 Recycler.<clinit>() - -Dio.netty.recycler.chunkSize: 32
[DEBUG] 2024-06-19 22:27:01,900 Recycler.<clinit>() - -Dio.netty.recycler.blocking: false
[DEBUG] 2024-06-19 22:27:01,901 Recycler.<clinit>() - -Dio.netty.recycler.batchFastThreadLocalOnly: true
[DEBUG] 2024-06-19 22:27:02,492 Brotli.<clinit>() - brotli4j not in the classpath; Brotli support will be unavailable.
[DEBUG] 2024-06-19 22:27:02,492 HttpHandler.handleHttpResponse() - 

Request DefaultHttpRequest(decodeResult: success, version: HTTP/1.1)
POST /session HTTP/1.1
User-Agent: selenium/4.11.0 (java windows)
Content-Length: 336
Content-Type: application/json; charset=utf-8
host: localhost:1594
accept: */*

Response DefaultHttpResponse(decodeResult: success, version: HTTP/1.1)
HTTP/1.1 200 OK
Content-Length: 889
Content-Type: application/json; charset=utf-8
cache-control: no-cache

[DEBUG] 2024-06-19 22:27:02,496 ChannelManager.tryToOfferChannelToPool() - Adding key: http://localhost:1594 for channel [id: 0xb36c4e33, L:/127.0.0.1:53384 - R:localhost/127.0.0.1:1594]
[DEBUG] 2024-06-19 22:27:02,546 NettyConnectListener.writeRequest() - Using new Channel '[id: 0x8355eb7c, L:/127.0.0.1:53391 - R:localhost/127.0.0.1:53385]' for 'GET' to '/json/version'
[DEBUG] 2024-06-19 22:27:02,548 HttpHandler.handleHttpResponse() - 

Request DefaultFullHttpRequest(decodeResult: success, version: HTTP/1.1, content: EmptyByteBufBE)
GET /json/version HTTP/1.1
User-Agent: selenium/4.11.0 (java windows)
host: localhost:53385
accept: */*

Response DefaultHttpResponse(decodeResult: success, version: HTTP/1.1)
HTTP/1.1 200 OK
Content-Security-Policy: frame-ancestors 'none'
Content-Length: 423
Content-Type: application/json; charset=UTF-8

[DEBUG] 2024-06-19 22:27:02,548 ChannelManager.tryToOfferChannelToPool() - Adding key: http://localhost:53385 for channel [id: 0x8355eb7c, L:/127.0.0.1:53391 - R:localhost/127.0.0.1:53385]
[DEBUG] 2024-06-19 22:27:02,555 ThreadLocalRandom.newSeed() - -Dio.netty.initialSeedUniquifier: 0xad7d14e7efa7ec3e
[DEBUG] 2024-06-19 22:27:02,558 NettyConnectListener.writeRequest() - Using new Channel '[id: 0x07d845fc, L:/127.0.0.1:53393 - R:localhost/127.0.0.1:53385]' for 'GET' to '/devtools/browser/7bd19fa0-078f-4bc4-9d1f-a76af5ee39bd'
[DEBUG] 2024-06-19 22:27:02,560 WebSocketHandler.handleRead() - 

Request DefaultFullHttpRequest(decodeResult: success, version: HTTP/1.1, content: EmptyByteBufBE)
GET /devtools/browser/7bd19fa0-078f-4bc4-9d1f-a76af5ee39bd HTTP/1.1
upgrade: websocket
connection: upgrade
sec-websocket-key: ABbw9z5aRt3Dh/qbuB5fSg==
sec-websocket-version: 13
origin: http://localhost:53385
host: localhost:53385
accept: */*
user-agent: AHC/2.1

Response DefaultHttpResponse(decodeResult: success, version: HTTP/1.1)
HTTP/1.1 101 WebSocket Protocol Handshake
Upgrade: WebSocket
Connection: Upgrade
Sec-WebSocket-Accept: /+AIRPmRXpwWfCelMFKpe+aEf2I=

[DEBUG] 2024-06-19 22:27:02,585 NettyRequestSender.pollPooledChannel() - Using pooled Channel '[id: 0xb36c4e33, L:/127.0.0.1:53384 - R:localhost/127.0.0.1:1594]' for 'POST' to 'http://localhost:1594/session/d52375e2afeab2584e767d9521187d5a/url'
[DEBUG] 2024-06-19 22:27:02,585 NettyRequestSender.sendRequestWithOpenChannel() - Using open Channel [id: 0xb36c4e33, L:/127.0.0.1:53384 - R:localhost/127.0.0.1:1594] for POST '/session/d52375e2afeab2584e767d9521187d5a/url'
[DEBUG] 2024-06-19 22:27:02,665 DefaultChannelPool.run() - Entry count for : http://localhost:53385 : 1
[DEBUG] 2024-06-19 22:27:02,812 HttpHandler.handleHttpResponse() - 

Request DefaultHttpRequest(decodeResult: success, version: HTTP/1.1)
POST /session/d52375e2afeab2584e767d9521187d5a/url HTTP/1.1
User-Agent: selenium/4.11.0 (java windows)
Content-Length: 71
Content-Type: application/json; charset=utf-8
host: localhost:1594
accept: */*

Response DefaultHttpResponse(decodeResult: success, version: HTTP/1.1)
HTTP/1.1 200 OK
Content-Length: 14
Content-Type: application/json; charset=utf-8
cache-control: no-cache

[DEBUG] 2024-06-19 22:27:02,813 ChannelManager.tryToOfferChannelToPool() - Adding key: http://localhost:1594 for channel [id: 0xb36c4e33, L:/127.0.0.1:53384 - R:localhost/127.0.0.1:1594]
[DEBUG] 2024-06-19 22:27:03,183 NettyRequestSender.pollPooledChannel() - Using pooled Channel '[id: 0xb36c4e33, L:/127.0.0.1:53384 - R:localhost/127.0.0.1:1594]' for 'DELETE' to 'http://localhost:1594/session/d52375e2afeab2584e767d9521187d5a/window'
[DEBUG] 2024-06-19 22:27:03,183 NettyRequestSender.sendRequestWithOpenChannel() - Using open Channel [id: 0xb36c4e33, L:/127.0.0.1:53384 - R:localhost/127.0.0.1:1594] for DELETE '/session/d52375e2afeab2584e767d9521187d5a/window'
[DEBUG] 2024-06-19 22:27:03,217 HttpHandler.channelInactive() - Channel Closed: [id: 0x8355eb7c, L:/127.0.0.1:53391 ! R:localhost/127.0.0.1:53385] with attribute DISCARD
[DEBUG] 2024-06-19 22:27:03,217 WebSocketHandler.channelInactive() - Channel Closed: [id: 0x07d845fc, L:/127.0.0.1:53393 ! R:localhost/127.0.0.1:53385] with attribute NettyResponseFuture{currentRetry=0,
	isDone=1,
	isCancelled=0,
	asyncHandler=org.asynchttpclient.ws.WebSocketUpgradeHandler@14dcb9ad,
	nettyRequest=org.asynchttpclient.netty.request.NettyRequest@4a94fa8b,
	future=java.util.concurrent.CompletableFuture@28898077[Completed normally],
	uri=ws://localhost:53385/devtools/browser/7bd19fa0-078f-4bc4-9d1f-a76af5ee39bd,
	keepAlive=true,
	redirectCount=0,
	timeoutsHolder=null,
	inAuth=0,
	touch=1718816222566}
[DEBUG] 2024-06-19 22:27:03,218 ChannelManager.closeChannel() - Closing Channel [id: 0x07d845fc, L:/127.0.0.1:53393 ! R:localhost/127.0.0.1:53385] 
[DEBUG] 2024-06-19 22:27:03,264 HttpHandler.handleHttpResponse() - 

Request DefaultFullHttpRequest(decodeResult: success, version: HTTP/1.1, content: EmptyByteBufBE)
DELETE /session/d52375e2afeab2584e767d9521187d5a/window HTTP/1.1
User-Agent: selenium/4.11.0 (java windows)
Content-Type: application/json; charset=utf-8
host: localhost:1594
accept: */*

Response DefaultHttpResponse(decodeResult: success, version: HTTP/1.1)
HTTP/1.1 200 OK
Content-Length: 12
Content-Type: application/json; charset=utf-8
cache-control: no-cache

[DEBUG] 2024-06-19 22:27:03,265 ChannelManager.tryToOfferChannelToPool() - Adding key: http://localhost:1594 for channel [id: 0xb36c4e33, L:/127.0.0.1:53384 - R:localhost/127.0.0.1:1594]
[INFO ] 2024-06-19 22:27:03,294 Utils.info() - [TestNG] Time taken by org.testng.internal.ExitCodeListener@7c281eb8: 0 ms
[INFO ] 2024-06-19 22:27:03,325 Utils.info() - [TestNG] Time taken by org.testng.reporters.SuiteHTMLReporter@1da4b3f9: 30 ms
[INFO ] 2024-06-19 22:27:03,357 Utils.info() - [TestNG] Time taken by org.testng.reporters.jq.Main@65bb6275: 31 ms
[INFO ] 2024-06-19 22:27:03,357 Utils.info() - [TestNG] Time taken by org.testng.reporters.FailedReporter@64da6cbd: 0 ms
[INFO ] 2024-06-19 22:27:03,361 Utils.info() - [TestNG] Time taken by org.testng.reporters.XMLReporter@4b432e53: 4 ms
[INFO ] 2024-06-19 22:27:03,367 Utils.info() - [TestNG] Time taken by org.testng.reporters.EmailableReporter2@62c72501: 6 ms
[INFO ] 2024-06-19 22:27:03,371 Utils.info() - [TestNG] Time taken by org.testng.reporters.JUnitReportReporter@72b6832e: 4 ms
