[DEBUG] 2024-12-24 12:21:32,353 InternalLoggerFactory.useLog4J2LoggerFactory() - Using Log4J2 as the default logging framework
[DEBUG] 2024-12-24 12:21:32,364 ResourceLeakDetector.<clinit>() - -Dio.netty.leakDetection.level: simple
[DEBUG] 2024-12-24 12:21:32,365 ResourceLeakDetector.<clinit>() - -Dio.netty.leakDetection.targetRecords: 4
[DEBUG] 2024-12-24 12:21:32,370 ResourceLeakDetectorFactory.newResourceLeakDetector() - Loaded default ResourceLeakDetector: io.netty.util.ResourceLeakDetector@43826ec
[DEBUG] 2024-12-24 12:21:32,384 PlatformDependent0.explicitNoUnsafeCause0() - -Dio.netty.noUnsafe: false
[DEBUG] 2024-12-24 12:21:32,384 PlatformDependent0.javaVersion0() - Java version: 21
[DEBUG] 2024-12-24 12:21:32,385 PlatformDependent0.<clinit>() - sun.misc.Unsafe.theUnsafe: available
[DEBUG] 2024-12-24 12:21:32,386 PlatformDependent0.<clinit>() - sun.misc.Unsafe.copyMemory: available
[DEBUG] 2024-12-24 12:21:32,387 PlatformDependent0.<clinit>() - sun.misc.Unsafe.storeFence: available
[DEBUG] 2024-12-24 12:21:32,387 PlatformDependent0.<clinit>() - java.nio.Buffer.address: available
[DEBUG] 2024-12-24 12:21:32,388 PlatformDependent0.<clinit>() - direct buffer constructor: unavailable: java.nio.DirectByteBuffer.<init>(long,int)
[DEBUG] 2024-12-24 12:21:32,388 PlatformDependent0.<clinit>() - java.nio.Bits.unaligned: available, true
[DEBUG] 2024-12-24 12:21:32,389 PlatformDependent0.<clinit>() - jdk.internal.misc.Unsafe.allocateUninitializedArray(int): unavailable: class io.netty.util.internal.PlatformDependent0$7 cannot access class jdk.internal.misc.Unsafe (in module java.base) because module java.base does not export jdk.internal.misc to unnamed module @62ee68d8
[DEBUG] 2024-12-24 12:21:32,390 PlatformDependent0.<clinit>() - java.nio.DirectByteBuffer.<init>(long, int): unavailable
[DEBUG] 2024-12-24 12:21:32,391 PlatformDependent.unsafeUnavailabilityCause0() - sun.misc.Unsafe: available
[DEBUG] 2024-12-24 12:21:32,391 PlatformDependent.estimateMaxDirectMemory() - maxDirectMemory: 8518631424 bytes (maybe)
[DEBUG] 2024-12-24 12:21:32,392 PlatformDependent.tmpdir0() - -Dio.netty.tmpdir: C:\Users\SANDES~1.BHU\AppData\Local\Temp (java.io.tmpdir)
[DEBUG] 2024-12-24 12:21:32,392 PlatformDependent.bitMode0() - -Dio.netty.bitMode: 64 (sun.arch.data.model)
[DEBUG] 2024-12-24 12:21:32,392 PlatformDependent.isWindows0() - Platform: Windows
[DEBUG] 2024-12-24 12:21:32,393 PlatformDependent.<clinit>() - -Dio.netty.maxDirectMemory: -1 bytes
[DEBUG] 2024-12-24 12:21:32,393 PlatformDependent.<clinit>() - -Dio.netty.uninitializedArrayAllocationThreshold: -1
[DEBUG] 2024-12-24 12:21:32,394 CleanerJava9.<clinit>() - java.nio.ByteBuffer.cleaner(): available
[DEBUG] 2024-12-24 12:21:32,394 PlatformDependent.<clinit>() - -Dio.netty.noPreferDirect: false
[DEBUG] 2024-12-24 12:21:32,401 PlatformDependent.<clinit>() - org.jctools-core.MpscChunkedArrayQueue: available
[DEBUG] 2024-12-24 12:21:32,417 InternalThreadLocalMap.<clinit>() - -Dio.netty.threadLocalMap.stringBuilder.initialSize: 1024
[DEBUG] 2024-12-24 12:21:32,418 InternalThreadLocalMap.<clinit>() - -Dio.netty.threadLocalMap.stringBuilder.maxSize: 4096
[DEBUG] 2024-12-24 12:21:32,544 JdkSslContext.<clinit>() - Default protocols (JDK): [TLSv1.3, TLSv1.2] 
[DEBUG] 2024-12-24 12:21:32,545 JdkSslContext.<clinit>() - Default cipher suites (JDK): [TLS_ECDHE_ECDSA_WITH_AES_256_GCM_SHA384, TLS_ECDHE_ECDSA_WITH_AES_128_GCM_SHA256, TLS_ECDHE_RSA_WITH_AES_128_GCM_SHA256, TLS_ECDHE_RSA_WITH_AES_256_GCM_SHA384, TLS_ECDHE_RSA_WITH_AES_128_CBC_SHA, TLS_ECDHE_RSA_WITH_AES_256_CBC_SHA, TLS_RSA_WITH_AES_128_GCM_SHA256, TLS_RSA_WITH_AES_128_CBC_SHA, TLS_RSA_WITH_AES_256_CBC_SHA, TLS_AES_128_GCM_SHA256, TLS_AES_256_GCM_SHA384]
[DEBUG] 2024-12-24 12:21:32,553 GlobalEventExecutor.<clinit>() - -Dio.netty.globalEventExecutor.quietPeriodSeconds: 1
[DEBUG] 2024-12-24 12:21:32,561 MultithreadEventLoopGroup.<clinit>() - -Dio.netty.eventLoopThreads: 32
[DEBUG] 2024-12-24 12:21:32,569 NioEventLoop.<clinit>() - -Dio.netty.noKeySetOptimization: false
[DEBUG] 2024-12-24 12:21:32,569 NioEventLoop.<clinit>() - -Dio.netty.selectorAutoRebuildThreshold: 512
[DEBUG] 2024-12-24 12:21:32,644 PooledByteBufAllocator.<clinit>() - -Dio.netty.allocator.numHeapArenas: 32
[DEBUG] 2024-12-24 12:21:32,644 PooledByteBufAllocator.<clinit>() - -Dio.netty.allocator.numDirectArenas: 32
[DEBUG] 2024-12-24 12:21:32,644 PooledByteBufAllocator.<clinit>() - -Dio.netty.allocator.pageSize: 8192
[DEBUG] 2024-12-24 12:21:32,644 PooledByteBufAllocator.<clinit>() - -Dio.netty.allocator.maxOrder: 9
[DEBUG] 2024-12-24 12:21:32,644 PooledByteBufAllocator.<clinit>() - -Dio.netty.allocator.chunkSize: 4194304
[DEBUG] 2024-12-24 12:21:32,644 PooledByteBufAllocator.<clinit>() - -Dio.netty.allocator.smallCacheSize: 256
[DEBUG] 2024-12-24 12:21:32,644 PooledByteBufAllocator.<clinit>() - -Dio.netty.allocator.normalCacheSize: 64
[DEBUG] 2024-12-24 12:21:32,644 PooledByteBufAllocator.<clinit>() - -Dio.netty.allocator.maxCachedBufferCapacity: 32768
[DEBUG] 2024-12-24 12:21:32,645 PooledByteBufAllocator.<clinit>() - -Dio.netty.allocator.cacheTrimInterval: 8192
[DEBUG] 2024-12-24 12:21:32,645 PooledByteBufAllocator.<clinit>() - -Dio.netty.allocator.cacheTrimIntervalMillis: 0
[DEBUG] 2024-12-24 12:21:32,645 PooledByteBufAllocator.<clinit>() - -Dio.netty.allocator.useCacheForAllThreads: false
[DEBUG] 2024-12-24 12:21:32,645 PooledByteBufAllocator.<clinit>() - -Dio.netty.allocator.maxCachedByteBuffersPerChunk: 1023
[DEBUG] 2024-12-24 12:21:32,654 ByteBufUtil.<clinit>() - -Dio.netty.allocator.type: pooled
[DEBUG] 2024-12-24 12:21:32,654 ByteBufUtil.<clinit>() - -Dio.netty.threadLocalDirectBufferSize: 0
[DEBUG] 2024-12-24 12:21:32,654 ByteBufUtil.<clinit>() - -Dio.netty.maxThreadLocalCharBufferSize: 16384
[DEBUG] 2024-12-24 12:21:33,388 DefaultChannelId.<clinit>() - -Dio.netty.processId: 46996 (auto-detected)
[DEBUG] 2024-12-24 12:21:33,390 NetUtil.<clinit>() - -Djava.net.preferIPv4Stack: false
[DEBUG] 2024-12-24 12:21:33,390 NetUtil.<clinit>() - -Djava.net.preferIPv6Addresses: false
[DEBUG] 2024-12-24 12:21:33,391 NetUtilInitializations.determineLoopback() - Loopback interface: loopback_0 (Software Loopback Interface 1, 0:0:0:0:0:0:0:1)
[DEBUG] 2024-12-24 12:21:33,392 NetUtil.run() - Failed to get SOMAXCONN from sysctl and file \proc\sys\net\core\somaxconn. Default: 200
[DEBUG] 2024-12-24 12:21:33,393 DefaultChannelId.<clinit>() - -Dio.netty.machineId: f4:ee:08:ff:fe:bd:dd:93 (auto-detected)
[DEBUG] 2024-12-24 12:21:33,421 AbstractByteBuf.<clinit>() - -Dio.netty.buffer.checkAccessible: true
[DEBUG] 2024-12-24 12:21:33,421 AbstractByteBuf.<clinit>() - -Dio.netty.buffer.checkBounds: true
[DEBUG] 2024-12-24 12:21:33,421 ResourceLeakDetectorFactory.newResourceLeakDetector() - Loaded default ResourceLeakDetector: io.netty.util.ResourceLeakDetector@41ef3e9d
[DEBUG] 2024-12-24 12:21:33,437 Recycler.<clinit>() - -Dio.netty.recycler.maxCapacityPerThread: 4096
[DEBUG] 2024-12-24 12:21:33,437 Recycler.<clinit>() - -Dio.netty.recycler.ratio: 8
[DEBUG] 2024-12-24 12:21:33,437 Recycler.<clinit>() - -Dio.netty.recycler.chunkSize: 32
[DEBUG] 2024-12-24 12:21:33,437 Recycler.<clinit>() - -Dio.netty.recycler.blocking: false
[DEBUG] 2024-12-24 12:21:33,438 Recycler.<clinit>() - -Dio.netty.recycler.batchFastThreadLocalOnly: true
[DEBUG] 2024-12-24 12:21:34,323 Brotli.<clinit>() - brotli4j not in the classpath; Brotli support will be unavailable.
[DEBUG] 2024-12-24 12:21:34,393 ThreadLocalRandom.newSeed() - -Dio.netty.initialSeedUniquifier: 0x4d6a5c69715ed999
